{
  "Unit Tests": {
    "coverage": {
      "/home/fabricio_oliveira/work/rubyspace/tp_healthcheck/app/controllers/tp_healthcheck/check_controller.rb": [
        null,
        1,
        1,
        1,
        null,
        null,
        1,
        1,
        0,
        null,
        1,
        null,
        null,
        1,
        null,
        1,
        2,
        null,
        null,
        1,
        0,
        null,
        null,
        1,
        0,
        0,
        null,
        0,
        null,
        null,
        1,
        1,
        1,
        0,
        0,
        null,
        null,
        1,
        0,
        0,
        null,
        null
      ],
      "/home/fabricio_oliveira/work/rubyspace/tp_healthcheck/app/helper/tp_healthcheck/data_base_helper.rb": [
        null,
        null,
        1,
        1,
        0,
        0,
        null,
        null
      ],
      "/home/fabricio_oliveira/work/rubyspace/tp_healthcheck/app/helper/tp_healthcheck/service_helper.rb": [
        null,
        1,
        null,
        1,
        1,
        1,
        1,
        1,
        1,
        1,
        1,
        0,
        null,
        null,
        0,
        null,
        null
      ],
      "/home/fabricio_oliveira/work/rubyspace/tp_healthcheck/lib/tp_healthcheck.rb": [
        0,
        0,
        0,
        0,
        0
      ],
      "/home/fabricio_oliveira/work/rubyspace/tp_healthcheck/lib/tp_healthcheck/version.rb": [
        0,
        0,
        0,
        0
      ],
      "/home/fabricio_oliveira/work/rubyspace/tp_healthcheck/lib/tp_healthcheck/engine.rb": [
        0,
        0
      ]
    },
    "timestamp": 1487621159
  },
  "RSpec": {
    "coverage": {
      "/home/fabricio_oliveira/work/rubyspace/tp_healthcheck/app/controllers/tp_healthcheck/check_controller.rb": [
        null,
        1,
        1,
        null,
        null,
        1,
        6,
        1,
        null,
        5,
        null,
        null,
        1,
        null,
        1,
        2,
        null,
        null,
        1,
        1,
        0,
        null,
        1,
        null,
        null,
        1,
        2,
        2,
        0,
        0,
        null,
        null,
        1,
        0,
        0,
        null,
        null
      ],
      "/home/fabricio_oliveira/work/rubyspace/tp_healthcheck/app/helper/tp_healthcheck/data_base_helper.rb": [
        null,
        null,
        1,
        1,
        1,
        1,
        null,
        null
      ],
      "/home/fabricio_oliveira/work/rubyspace/tp_healthcheck/app/helper/tp_healthcheck/service_healper.rb": [
        0,
        0,
        0,
        0,
        0,
        0,
        0,
        0,
        0,
        0,
        0,
        0,
        0,
        0,
        0,
        0,
        0,
        0,
        0
      ],
      "/home/fabricio_oliveira/work/rubyspace/tp_healthcheck/lib/tp_healthcheck.rb": [
        0,
        0,
        0,
        0,
        0
      ],
      "/home/fabricio_oliveira/work/rubyspace/tp_healthcheck/lib/tp_healthcheck/version.rb": [
        0,
        0,
        0,
        0
      ],
      "/home/fabricio_oliveira/work/rubyspace/tp_healthcheck/lib/tp_healthcheck/engine.rb": [
        0,
        0
      ]
    },
    "timestamp": 1487618678
  }
}
